09:24:41 [INFO] - AppFolders: starting processing setAppFoldersContext()
09:24:44 [INFO] - AppFolders:
	projectRoots: 0
	appRoots: 0
	webappRoots: 0
	subWebappRoots: 0
	localServiceRoots: 0
	adaptationAppRoots: 0
	adaptationWebappRoots: 0
	extensionAppRoots: 0
	extensionWebappRoots: 0
	libraryRoots: 0
	localAnnotationRoots: 0
	EDMXWithServiceRoots: 0
	EDMXLocalServiceRoots: 0
09:24:44 [INFO] - AppFolders: Function setContext() done in 2459.883ms
09:24:44 [INFO] - AppFolders: Directory 'file:///home/user/.vscode/data/logs/20240225T090946/exthost2/SAPSE.vscode-wing-java-run' changed, updating app folders in context. 
09:24:46 [INFO] - AppFolders: Directory 'file:///home/user/.vscode/data/logs/20240225T090946/exthost2/output_logging_20240225T092435' changed, updating app folders in context. 
09:24:46 [INFO] - AppFolders:
	projectRoots: 0
	appRoots: 0
	webappRoots: 0
	subWebappRoots: 0
	localServiceRoots: 0
	adaptationAppRoots: 0
	adaptationWebappRoots: 0
	extensionAppRoots: 0
	extensionWebappRoots: 0
	libraryRoots: 0
	localAnnotationRoots: 0
	EDMXWithServiceRoots: 0
	EDMXLocalServiceRoots: 0
09:24:46 [INFO] - AppFolders: Function setContext() done in 2029.998ms
09:24:46 [INFO] - AppFolders:
	projectRoots: 0
	appRoots: 0
	webappRoots: 0
	subWebappRoots: 0
	localServiceRoots: 0
	adaptationAppRoots: 0
	adaptationWebappRoots: 0
	extensionAppRoots: 0
	extensionWebappRoots: 0
	libraryRoots: 0
	localAnnotationRoots: 0
	EDMXWithServiceRoots: 0
	EDMXLocalServiceRoots: 0
09:24:46 [INFO] - AppFolders: Function setContext() done in 163.072ms
09:24:46 [INFO] - AppFolders: Directory 'file:///home/user/.vscode/data/logs/20240225T090946/exthost2/SAPSE.vscode-wing-ui5-run' changed, updating app folders in context. 
09:24:46 [INFO] - AppFolders:
	projectRoots: 0
	appRoots: 0
	webappRoots: 0
	subWebappRoots: 0
	localServiceRoots: 0
	adaptationAppRoots: 0
	adaptationWebappRoots: 0
	extensionAppRoots: 0
	extensionWebappRoots: 0
	libraryRoots: 0
	localAnnotationRoots: 0
	EDMXWithServiceRoots: 0
	EDMXLocalServiceRoots: 0
09:24:46 [INFO] - AppFolders: Function setContext() done in 41.047ms
09:24:47 [INFO] - AppFolders: Directory 'file:///home/user/.vscode/data/logs/20240225T090946/exthost2/SAPSE.hana-project-explorer' changed, updating app folders in context. 
09:24:47 [INFO] - AppFolders:
	projectRoots: 0
	appRoots: 0
	webappRoots: 0
	subWebappRoots: 0
	localServiceRoots: 0
	adaptationAppRoots: 0
	adaptationWebappRoots: 0
	extensionAppRoots: 0
	extensionWebappRoots: 0
	libraryRoots: 0
	localAnnotationRoots: 0
	EDMXWithServiceRoots: 0
	EDMXLocalServiceRoots: 0
09:24:47 [INFO] - AppFolders: Function setContext() done in 61.604ms
09:24:47 [INFO] - AppFolders: Directory 'file:///home/user/.vscode/data/logs/20240225T090946/exthost2/vscode.git' changed, updating app folders in context. 
09:24:47 [INFO] - AppFolders:
	projectRoots: 0
	appRoots: 0
	webappRoots: 0
	subWebappRoots: 0
	localServiceRoots: 0
	adaptationAppRoots: 0
	adaptationWebappRoots: 0
	extensionAppRoots: 0
	extensionWebappRoots: 0
	libraryRoots: 0
	localAnnotationRoots: 0
	EDMXWithServiceRoots: 0
	EDMXLocalServiceRoots: 0
09:24:47 [INFO] - AppFolders: Function setContext() done in 55.331ms
09:24:47 [INFO] - AppFolders: Directory 'file:///home/user/.vscode/data/logs/20240225T090946/exthost2/SAPSE.vscode-wing-cap-run' changed, updating app folders in context. 
09:24:47 [INFO] - AppFolders:
	projectRoots: 0
	appRoots: 0
	webappRoots: 0
	subWebappRoots: 0
	localServiceRoots: 0
	adaptationAppRoots: 0
	adaptationWebappRoots: 0
	extensionAppRoots: 0
	extensionWebappRoots: 0
	libraryRoots: 0
	localAnnotationRoots: 0
	EDMXWithServiceRoots: 0
	EDMXLocalServiceRoots: 0
09:24:47 [INFO] - AppFolders: Function setContext() done in 41.642ms
09:24:51 [INFO] - AppFolders: Directory 'file:///home/user/.vscode/data/logs/20240225T090946/exthost2/SAPSE.hana-database-explorer' changed, updating app folders in context. 
09:24:51 [INFO] - AppFolders:
	projectRoots: 0
	appRoots: 0
	webappRoots: 0
	subWebappRoots: 0
	localServiceRoots: 0
	adaptationAppRoots: 0
	adaptationWebappRoots: 0
	extensionAppRoots: 0
	extensionWebappRoots: 0
	libraryRoots: 0
	localAnnotationRoots: 0
	EDMXWithServiceRoots: 0
	EDMXLocalServiceRoots: 0
09:24:51 [INFO] - AppFolders: Function setContext() done in 37.139ms
