09:24:41 [INFO] - Running activation sequence for Fiori tools - Application Modeler
09:24:41 [INFO] - Configurations: 'sap.ux.applicationModeler.showJsonSchemas': false; isTheia(): false; isAppStudio(): true
09:24:41 [INFO] - isBASVEExtInstalled(): true
09:24:42 [INFO] - AppFolders: setAppFoldersContext() is processing, leaving
09:24:42 [INFO] - Register Fiori tools file system for configurations...
09:24:42 [INFO] - ...Fiori tools file system registered in 0.621ms
09:24:42 [INFO] - Register views for configurations...
09:24:42 [INFO] - ...views for configurations registered in 0.890ms
09:24:42 [INFO] - Register commands...
09:24:42 [INFO] - ...commands registered in 2.797ms
09:24:42 [INFO] - Activating sync module...
09:24:42 [INFO] - Virtual file system ftfs initialized in 0.104ms
09:24:42 [INFO] - Searching for projects in these workspace folders: 
[ '/home/user' ]
09:24:44 [INFO] - SAP UX projects found and added in 1146.356ms
09:24:44 [INFO] - Start watching **/package.json
09:24:44 [INFO] - package.json watched in 0.625ms
09:24:44 [INFO] - Start watching for workspace folder changes
09:24:44 [INFO] - Workspace folders watched in 0.299ms
09:24:44 [INFO] - Configs watched in 0.183ms
09:24:44 [INFO] - ...sync module activated in 1149.173ms
09:24:44 [INFO] - Register serializers...
09:24:44 [INFO] - ...serializers registered in 0.450ms
09:24:44 [INFO] - Activating launch config integration
09:24:44 [INFO] - Handler for Fiori launch configuration registered
09:24:44 [INFO] - ...launch config integration activated in 0.689ms
09:24:44 [INFO] - Activating migration module...
09:24:44 [INFO] - Migration start watching for workspace folder changes
09:24:44 [INFO] - Workspace folders watched in 0.315ms
09:24:44 [INFO] - Migration start watching **/package.json
09:24:44 [INFO] - package.json watched in 0.311ms
09:24:44 [INFO] - Migration start watching **/pom.xml
09:24:44 [INFO] - pom.xml watched in 0.278ms
09:24:44 [INFO] - Migration start watching **/neo-app.json
09:24:44 [INFO] - neo-app.json watched in 0.273ms
09:24:44 [INFO] - Migration start watching **/manifest.json
09:24:44 [INFO] - manifest.json watched in 0.292ms
09:24:49 [INFO] - ...migration module activated in 5392.680ms
09:24:49 [INFO] - Register uri handler...
09:24:49 [INFO] - ...uri handler registered in 0.183ms
09:24:49 [INFO] - activation sequence for Fiori tools - Application Modeler done in 7882.138ms
