09:11:51 [INFO] - Running activation sequence for Fiori tools - Application Modeler
09:11:51 [INFO] - Configurations: 'sap.ux.applicationModeler.showJsonSchemas': false; isTheia(): false; isAppStudio(): true
09:11:51 [INFO] - isBASVEExtInstalled(): true
09:11:53 [INFO] - AppFolders: setAppFoldersContext() already done, leaving
09:11:53 [INFO] - Register Fiori tools file system for configurations...
09:11:53 [INFO] - ...Fiori tools file system registered in 0.714ms
09:11:53 [INFO] - Register views for configurations...
09:11:53 [INFO] - ...views for configurations registered in 0.961ms
09:11:53 [INFO] - Register commands...
09:11:53 [INFO] - ...commands registered in 3.074ms
09:11:53 [INFO] - Activating sync module...
09:11:53 [INFO] - Virtual file system ftfs initialized in 0.109ms
09:11:53 [INFO] - SAP UX projects found and added in 1.477ms
09:11:53 [INFO] - Start watching **/package.json
09:11:53 [INFO] - package.json watched in 0.439ms
09:11:53 [INFO] - Start watching for workspace folder changes
09:11:53 [INFO] - Workspace folders watched in 0.331ms
09:11:53 [INFO] - Configs watched in 0.127ms
09:11:53 [INFO] - ...sync module activated in 6.744ms
09:11:53 [INFO] - Register serializers...
09:11:53 [INFO] - ...serializers registered in 0.431ms
09:11:53 [INFO] - Activating launch config integration
09:11:53 [INFO] - Handler for Fiori launch configuration registered
09:11:53 [INFO] - ...launch config integration activated in 0.953ms
09:11:53 [INFO] - Activating migration module...
09:11:53 [INFO] - Migration start watching for workspace folder changes
09:11:53 [INFO] - Workspace folders watched in 0.212ms
09:11:53 [INFO] - Migration start watching **/package.json
09:11:53 [INFO] - package.json watched in 0.336ms
09:11:53 [INFO] - Migration start watching **/pom.xml
09:11:53 [INFO] - pom.xml watched in 0.285ms
09:11:53 [INFO] - Migration start watching **/neo-app.json
09:11:53 [INFO] - neo-app.json watched in 0.239ms
09:11:53 [INFO] - Migration start watching **/manifest.json
09:11:53 [INFO] - manifest.json watched in 0.260ms
09:11:53 [INFO] - ...migration module activated in 2.539ms
09:11:53 [INFO] - Register uri handler...
09:11:53 [INFO] - ...uri handler registered in 0.312ms
09:11:53 [INFO] - activation sequence for Fiori tools - Application Modeler done in 2312.737ms
